<?xml version="1.0" encoding="UTF-8"?>
<!-- Generated by org.testng.reporters.JUnitReportReporter -->
<testsuite hostname="DESKTOP-CGQIUI2" name="org.testing.testCases.TC4_UpdateRecord" tests="1" failures="0" timestamp="12 Feb 2023 08:02:02 GMT" time="2.107" errors="0">
  <testcase name="UpdateRequest" time="2.107" classname="org.testing.testCases.TC4_UpdateRecord"/>
</testsuite> <!-- org.testing.testCases.TC4_UpdateRecord -->
