<?xml version="1.0" encoding="UTF-8"?>
<!-- Generated by org.testng.reporters.JUnitReportReporter -->
<testsuite hostname="DESKTOP-CGQIUI2" name="org.testing.testCases.TC7_DummyGetRequestAll" tests="1" failures="0" timestamp="12 Feb 2023 08:02:02 GMT" time="39.899" errors="0">
  <testcase name="GetRequest" time="39.899" classname="org.testing.testCases.TC7_DummyGetRequestAll"/>
</testsuite> <!-- org.testing.testCases.TC7_DummyGetRequestAll -->
