<?xml version="1.0" encoding="UTF-8"?>
<!-- Generated by org.testng.reporters.JUnitReportReporter -->
<testsuite hostname="DESKTOP-CGQIUI2" name="org.testing.testCases.TC8_GetParticularFromDummy" tests="1" failures="0" timestamp="12 Feb 2023 08:02:02 GMT" time="2.409" errors="0">
  <testcase name="TC8" time="2.409" classname="org.testing.testCases.TC8_GetParticularFromDummy"/>
</testsuite> <!-- org.testing.testCases.TC8_GetParticularFromDummy -->
