<?xml version="1.0" encoding="UTF-8"?>
<!-- Generated by org.testng.reporters.JUnitReportReporter -->
<testsuite hostname="DESKTOP-CGQIUI2" name="org.testing.testCases.TC3_GetParticularRecord" tests="1" failures="0" timestamp="12 Feb 2023 08:02:02 GMT" time="2.092" errors="0">
  <testcase name="testCase3" time="2.092" classname="org.testing.testCases.TC3_GetParticularRecord"/>
</testsuite> <!-- org.testing.testCases.TC3_GetParticularRecord -->
