<?xml version="1.0" encoding="UTF-8"?>
<!-- Generated by org.testng.reporters.JUnitReportReporter -->
<testsuite hostname="DESKTOP-CGQIUI2" name="org.testing.testCases.TC1_PostRequest" tests="1" failures="0" timestamp="12 Feb 2023 08:02:02 GMT" time="4.665" errors="0">
  <testcase name="PostRequest" time="4.665" classname="org.testing.testCases.TC1_PostRequest"/>
</testsuite> <!-- org.testing.testCases.TC1_PostRequest -->
